[2019-10-06 14:24:18] production.ERROR: Flagrow\Upload\Exceptions\InvalidUploadException: No files were uploaded in C:\wamp64\www\forums\vendor\flagrow\upload\src\Api\Controllers\UploadController.php:56
Stack trace:
#0 C:\wamp64\www\forums\vendor\flarum\core\src\Http\RouteHandlerFactory.php(40): Flagrow\Upload\Api\Controllers\UploadController->handle(Object(Zend\Diactoros\ServerRequest))
#1 C:\wamp64\www\forums\vendor\flarum\core\src\Http\Middleware\DispatchRoute.php(67): Flarum\Http\RouteHandlerFactory->Flarum\Http\{closure}(Object(Zend\Diactoros\ServerRequest), Array)
#2 C:\wamp64\www\forums\vendor\zendframework\zend-stratigility\src\Next.php(60): Flarum\Http\Middleware\DispatchRoute->process(Object(Zend\Diactoros\ServerRequest), Object(Closure))
#3 C:\wamp64\www\forums\vendor\flarum\core\src\Http\Middleware\SetLocale.php(52): Zend\Stratigility\Next->handle(Object(Zend\Diactoros\ServerRequest))
#4 C:\wamp64\www\forums\vendor\zendframework\zend-stratigility\src\Next.php(60): Flarum\Http\Middleware\SetLocale->process(Object(Zend\Diactoros\ServerRequest), Object(Zend\Stratigility\Next))
#5 C:\wamp64\www\forums\vendor\flarum\core\src\Http\Middleware\CheckCsrfToken.php(33): Zend\Stratigility\Next->handle(Object(Zend\Diactoros\ServerRequest))
#6 C:\wamp64\www\forums\vendor\zendframework\zend-stratigility\src\Next.php(60): Flarum\Http\Middleware\CheckCsrfToken->process(Object(Zend\Diactoros\ServerRequest), Object(Zend\Stratigility\Next))
#7 C:\wamp64\www\forums\vendor\flarum\core\src\Http\Middleware\AuthenticateWithHeader.php(57): Zend\Stratigility\Next->handle(Object(Zend\Diactoros\ServerRequest))
#8 C:\wamp64\www\forums\vendor\zendframework\zend-stratigility\src\Next.php(60): Flarum\Http\Middleware\AuthenticateWithHeader->process(Object(Zend\Diactoros\ServerRequest), Object(Zend\Stratigility\Next))
#9 C:\wamp64\www\forums\vendor\flarum\core\src\Http\Middleware\AuthenticateWithSession.php(34): Zend\Stratigility\Next->handle(Object(Zend\Diactoros\ServerRequest))
#10 C:\wamp64\www\forums\vendor\zendframework\zend-stratigility\src\Next.php(60): Flarum\Http\Middleware\AuthenticateWithSession->process(Object(Zend\Diactoros\ServerRequest), Object(Zend\Stratigility\Next))
#11 C:\wamp64\www\forums\vendor\flarum\core\src\Http\Middleware\RememberFromCookie.php(53): Zend\Stratigility\Next->handle(Object(Zend\Diactoros\ServerRequest))
#12 C:\wamp64\www\forums\vendor\zendframework\zend-stratigility\src\Next.php(60): Flarum\Http\Middleware\RememberFromCookie->process(Object(Zend\Diactoros\ServerRequest), Object(Zend\Stratigility\Next))
#13 C:\wamp64\www\forums\vendor\flarum\core\src\Http\Middleware\StartSession.php(63): Zend\Stratigility\Next->handle(Object(Zend\Diactoros\ServerRequest))
#14 C:\wamp64\www\forums\vendor\zendframework\zend-stratigility\src\Next.php(60): Flarum\Http\Middleware\StartSession->process(Object(Zend\Diactoros\ServerRequest), Object(Zend\Stratigility\Next))
#15 C:\wamp64\www\forums\vendor\flarum\core\src\Api\Middleware\FakeHttpMethods.php(31): Zend\Stratigility\Next->handle(Object(Zend\Diactoros\ServerRequest))
#16 C:\wamp64\www\forums\vendor\zendframework\zend-stratigility\src\Next.php(60): Flarum\Api\Middleware\FakeHttpMethods->process(Object(Zend\Diactoros\ServerRequest), Object(Zend\Stratigility\Next))
#17 C:\wamp64\www\forums\vendor\flarum\core\src\Http\Middleware\ParseJsonBody.php(30): Zend\Stratigility\Next->handle(Object(Zend\Diactoros\ServerRequest))
#18 C:\wamp64\www\forums\vendor\zendframework\zend-stratigility\src\Next.php(60): Flarum\Http\Middleware\ParseJsonBody->process(Object(Zend\Diactoros\ServerRequest), Object(Zend\Stratigility\Next))
#19 C:\wamp64\www\forums\vendor\flarum\core\src\Http\Middleware\HandleErrors.php(59): Zend\Stratigility\Next->handle(Object(Zend\Diactoros\ServerRequest))
#20 C:\wamp64\www\forums\vendor\zendframework\zend-stratigility\src\Next.php(60): Flarum\Http\Middleware\HandleErrors->process(Object(Zend\Diactoros\ServerRequest), Object(Zend\Stratigility\Next))
#21 C:\wamp64\www\forums\vendor\zendframework\zend-stratigility\src\MiddlewarePipe.php(83): Zend\Stratigility\Next->handle(Object(Zend\Diactoros\ServerRequest))
#22 C:\wamp64\www\forums\vendor\middlewares\request-handler\src\RequestHandler.php(84): Zend\Stratigility\MiddlewarePipe->process(Object(Zend\Diactoros\ServerRequest), Object(Zend\Stratigility\Next))
#23 C:\wamp64\www\forums\vendor\zendframework\zend-stratigility\src\Next.php(60): Middlewares\RequestHandler->process(Object(Zend\Diactoros\ServerRequest), Object(Zend\Stratigility\Next))
#24 C:\wamp64\www\forums\vendor\middlewares\base-path-router\src\BasePathRouter.php(97): Zend\Stratigility\Next->handle(Object(Zend\Diactoros\ServerRequest))
#25 C:\wamp64\www\forums\vendor\zendframework\zend-stratigility\src\Next.php(60): Middlewares\BasePathRouter->process(Object(Zend\Diactoros\ServerRequest), Object(Zend\Stratigility\Next))
#26 C:\wamp64\www\forums\vendor\zendframework\zend-stratigility\src\Middleware\OriginalMessages.php(41): Zend\Stratigility\Next->handle(Object(Zend\Diactoros\ServerRequest))
#27 C:\wamp64\www\forums\vendor\zendframework\zend-stratigility\src\Next.php(60): Zend\Stratigility\Middleware\OriginalMessages->process(Object(Zend\Diactoros\ServerRequest), Object(Zend\Stratigility\Next))
#28 C:\wamp64\www\forums\vendor\middlewares\base-path\src\BasePath.php(53): Zend\Stratigility\Next->handle(Object(Zend\Diactoros\ServerRequest))
#29 C:\wamp64\www\forums\vendor\zendframework\zend-stratigility\src\Next.php(60): Middlewares\BasePath->process(Object(Zend\Diactoros\ServerRequest), Object(Zend\Stratigility\Next))
#30 C:\wamp64\www\forums\vendor\zendframework\zend-stratigility\src\MiddlewarePipe.php(83): Zend\Stratigility\Next->handle(Object(Zend\Diactoros\ServerRequest))
#31 C:\wamp64\www\forums\vendor\zendframework\zend-stratigility\src\MiddlewarePipe.php(72): Zend\Stratigility\MiddlewarePipe->process(Object(Zend\Diactoros\ServerRequest), Object(Zend\Stratigility\EmptyPipelineHandler))
#32 C:\wamp64\www\forums\vendor\zendframework\zend-httphandlerrunner\src\RequestHandlerRunner.php(95): Zend\Stratigility\MiddlewarePipe->handle(Object(Zend\Diactoros\ServerRequest))
#33 C:\wamp64\www\forums\vendor\flarum\core\src\Http\Server.php(46): Zend\HttpHandlerRunner\RequestHandlerRunner->run()
#34 C:\wamp64\www\forums\public\index.php(22): Flarum\Http\Server->listen()
#35 {main}  
